
2025/02/15 (13:53:15) | ===> btop++ v.1.4.0
2025/02/15 (13:53:15) | WARNING: ROCm SMI: Failed to get maximum GPU power draw, defaulting to 225W
2025/02/15 (13:53:15) | WARNING: ROCm SMI: Failed to get maximum GPU temperature, defaulting to 110°C
2025/02/15 (13:53:15) | WARNING: ROCm SMI: Failed to get VRAM utilization
2025/02/15 (13:53:15) | WARNING: ROCm SMI: Failed to get GPU power usage
2025/02/15 (13:53:15) | WARNING: ROCm SMI: Failed to get PCIe throughput

2025/02/15 (15:26:09) | ===> btop++ v.1.4.0
2025/02/15 (15:26:09) | WARNING: ROCm SMI: Failed to get maximum GPU power draw, defaulting to 225W
2025/02/15 (15:26:09) | WARNING: ROCm SMI: Failed to get maximum GPU temperature, defaulting to 110°C
2025/02/15 (15:26:09) | WARNING: ROCm SMI: Failed to get VRAM utilization
2025/02/15 (15:26:09) | WARNING: ROCm SMI: Failed to get GPU power usage
2025/02/15 (15:26:09) | WARNING: ROCm SMI: Failed to get PCIe throughput

2025/02/15 (15:37:31) | ===> btop++ v.1.4.0
2025/02/15 (15:37:31) | WARNING: ROCm SMI: Failed to get maximum GPU power draw, defaulting to 225W
2025/02/15 (15:37:31) | WARNING: ROCm SMI: Failed to get maximum GPU temperature, defaulting to 110°C
2025/02/15 (15:37:31) | WARNING: ROCm SMI: Failed to get VRAM utilization
2025/02/15 (15:37:31) | WARNING: ROCm SMI: Failed to get GPU power usage
2025/02/15 (15:37:31) | WARNING: ROCm SMI: Failed to get PCIe throughput

2025/02/15 (18:30:20) | ===> btop++ v.1.4.0
2025/02/15 (18:30:20) | WARNING: ROCm SMI: Failed to get maximum GPU power draw, defaulting to 225W
2025/02/15 (18:30:20) | WARNING: ROCm SMI: Failed to get maximum GPU temperature, defaulting to 110°C
2025/02/15 (18:30:20) | WARNING: ROCm SMI: Failed to get VRAM utilization
2025/02/15 (18:30:20) | WARNING: ROCm SMI: Failed to get GPU power usage
2025/02/15 (18:30:20) | WARNING: ROCm SMI: Failed to get PCIe throughput

2025/02/16 (13:27:55) | ===> btop++ v.1.4.0
2025/02/16 (13:27:55) | WARNING: ROCm SMI: Failed to get maximum GPU power draw, defaulting to 225W
2025/02/16 (13:27:55) | WARNING: ROCm SMI: Failed to get maximum GPU temperature, defaulting to 110°C
2025/02/16 (13:27:55) | WARNING: ROCm SMI: Failed to get VRAM utilization
2025/02/16 (13:27:55) | WARNING: ROCm SMI: Failed to get GPU power usage
2025/02/16 (13:27:55) | WARNING: ROCm SMI: Failed to get PCIe throughput

2025/02/16 (14:23:06) | ===> btop++ v.1.4.0
2025/02/16 (14:23:06) | WARNING: ROCm SMI: Failed to get maximum GPU power draw, defaulting to 225W
2025/02/16 (14:23:06) | WARNING: ROCm SMI: Failed to get maximum GPU temperature, defaulting to 110°C
2025/02/16 (14:23:06) | WARNING: ROCm SMI: Failed to get VRAM utilization
2025/02/16 (14:23:06) | WARNING: ROCm SMI: Failed to get GPU power usage
2025/02/16 (14:23:06) | WARNING: ROCm SMI: Failed to get PCIe throughput

2025/02/16 (14:29:55) | ===> btop++ v.1.4.0
2025/02/16 (14:29:55) | WARNING: ROCm SMI: Failed to get maximum GPU power draw, defaulting to 225W
2025/02/16 (14:29:55) | WARNING: ROCm SMI: Failed to get maximum GPU temperature, defaulting to 110°C
2025/02/16 (14:29:55) | WARNING: ROCm SMI: Failed to get VRAM utilization
2025/02/16 (14:29:55) | WARNING: ROCm SMI: Failed to get GPU power usage
2025/02/16 (14:29:55) | WARNING: ROCm SMI: Failed to get PCIe throughput

2025/02/18 (22:22:28) | ===> btop++ v.1.4.0
2025/02/18 (22:22:28) | WARNING: ROCm SMI: Failed to get maximum GPU power draw, defaulting to 225W
2025/02/18 (22:22:28) | WARNING: ROCm SMI: Failed to get maximum GPU temperature, defaulting to 110°C
2025/02/18 (22:22:28) | WARNING: ROCm SMI: Failed to get VRAM utilization
2025/02/18 (22:22:28) | WARNING: ROCm SMI: Failed to get GPU power usage
2025/02/18 (22:22:28) | WARNING: ROCm SMI: Failed to get PCIe throughput

2025/02/19 (21:37:46) | ===> btop++ v.1.4.0
2025/02/19 (21:37:46) | WARNING: ROCm SMI: Failed to get maximum GPU power draw, defaulting to 225W
2025/02/19 (21:37:46) | WARNING: ROCm SMI: Failed to get maximum GPU temperature, defaulting to 110°C
2025/02/19 (21:37:46) | WARNING: ROCm SMI: Failed to get VRAM utilization
2025/02/19 (21:37:46) | WARNING: ROCm SMI: Failed to get GPU power usage
2025/02/19 (21:37:46) | WARNING: ROCm SMI: Failed to get PCIe throughput

2025/02/20 (19:01:35) | ===> btop++ v.1.4.0
2025/02/20 (19:01:35) | WARNING: ROCm SMI: Failed to get maximum GPU power draw, defaulting to 225W
2025/02/20 (19:01:35) | WARNING: ROCm SMI: Failed to get maximum GPU temperature, defaulting to 110°C
2025/02/20 (19:01:35) | WARNING: ROCm SMI: Failed to get VRAM utilization
2025/02/20 (19:01:35) | WARNING: ROCm SMI: Failed to get GPU power usage
2025/02/20 (19:01:35) | WARNING: ROCm SMI: Failed to get PCIe throughput

2025/02/20 (21:21:38) | ===> btop++ v.1.4.0
2025/02/20 (21:21:38) | WARNING: ROCm SMI: Failed to get maximum GPU power draw, defaulting to 225W
2025/02/20 (21:21:38) | WARNING: ROCm SMI: Failed to get maximum GPU temperature, defaulting to 110°C
2025/02/20 (21:21:38) | WARNING: ROCm SMI: Failed to get VRAM utilization
2025/02/20 (21:21:38) | WARNING: ROCm SMI: Failed to get GPU power usage
2025/02/20 (21:21:38) | WARNING: ROCm SMI: Failed to get PCIe throughput

2025/02/21 (07:24:35) | ===> btop++ v.1.4.0
2025/02/21 (07:24:35) | WARNING: ROCm SMI: Failed to get maximum GPU power draw, defaulting to 225W
2025/02/21 (07:24:35) | WARNING: ROCm SMI: Failed to get maximum GPU temperature, defaulting to 110°C
2025/02/21 (07:24:35) | WARNING: ROCm SMI: Failed to get VRAM utilization
2025/02/21 (07:24:35) | WARNING: ROCm SMI: Failed to get GPU power usage
2025/02/21 (07:24:35) | WARNING: ROCm SMI: Failed to get PCIe throughput

2025/02/21 (07:27:45) | ===> btop++ v.1.4.0
2025/02/21 (07:27:45) | WARNING: ROCm SMI: Failed to get maximum GPU power draw, defaulting to 225W
2025/02/21 (07:27:45) | WARNING: ROCm SMI: Failed to get maximum GPU temperature, defaulting to 110°C
2025/02/21 (07:27:45) | WARNING: ROCm SMI: Failed to get VRAM utilization
2025/02/21 (07:27:45) | WARNING: ROCm SMI: Failed to get GPU power usage
2025/02/21 (07:27:45) | WARNING: ROCm SMI: Failed to get PCIe throughput

2025/02/21 (07:28:02) | ===> btop++ v.1.4.0
2025/02/21 (07:28:02) | WARNING: ROCm SMI: Failed to get maximum GPU power draw, defaulting to 225W
2025/02/21 (07:28:02) | WARNING: ROCm SMI: Failed to get maximum GPU temperature, defaulting to 110°C
2025/02/21 (07:28:02) | WARNING: ROCm SMI: Failed to get VRAM utilization
2025/02/21 (07:28:02) | WARNING: ROCm SMI: Failed to get GPU power usage
2025/02/21 (07:28:02) | WARNING: ROCm SMI: Failed to get PCIe throughput

2025/02/23 (07:20:24) | ===> btop++ v.1.4.0
2025/02/23 (07:20:24) | WARNING: ROCm SMI: Failed to get maximum GPU power draw, defaulting to 225W
2025/02/23 (07:20:24) | WARNING: ROCm SMI: Failed to get maximum GPU temperature, defaulting to 110°C
2025/02/23 (07:20:24) | WARNING: ROCm SMI: Failed to get VRAM utilization
2025/02/23 (07:20:24) | WARNING: ROCm SMI: Failed to get GPU power usage
2025/02/23 (07:20:24) | WARNING: ROCm SMI: Failed to get PCIe throughput

2025/02/23 (20:37:28) | ===> btop++ v.1.4.0
2025/02/23 (20:37:28) | WARNING: ROCm SMI: Failed to get maximum GPU power draw, defaulting to 225W
2025/02/23 (20:37:28) | WARNING: ROCm SMI: Failed to get maximum GPU temperature, defaulting to 110°C
2025/02/23 (20:37:28) | WARNING: ROCm SMI: Failed to get VRAM utilization
2025/02/23 (20:37:28) | WARNING: ROCm SMI: Failed to get GPU power usage
2025/02/23 (20:37:28) | WARNING: ROCm SMI: Failed to get PCIe throughput

2025/02/23 (20:40:56) | ===> btop++ v.1.4.0
2025/02/23 (20:40:56) | WARNING: ROCm SMI: Failed to get maximum GPU power draw, defaulting to 225W
2025/02/23 (20:40:56) | WARNING: ROCm SMI: Failed to get maximum GPU temperature, defaulting to 110°C
2025/02/23 (20:40:56) | WARNING: ROCm SMI: Failed to get VRAM utilization
2025/02/23 (20:40:56) | WARNING: ROCm SMI: Failed to get GPU power usage
2025/02/23 (20:40:56) | WARNING: ROCm SMI: Failed to get PCIe throughput

2025/02/27 (18:38:45) | ===> btop++ v.1.4.0
2025/02/27 (18:38:45) | WARNING: ROCm SMI: Failed to get maximum GPU power draw, defaulting to 225W
2025/02/27 (18:38:45) | WARNING: ROCm SMI: Failed to get maximum GPU temperature, defaulting to 110°C
2025/02/27 (18:38:45) | WARNING: ROCm SMI: Failed to get VRAM utilization
2025/02/27 (18:38:45) | WARNING: ROCm SMI: Failed to get GPU power usage
2025/02/27 (18:38:45) | WARNING: ROCm SMI: Failed to get PCIe throughput

2025/03/01 (09:54:58) | ===> btop++ v.1.4.0
2025/03/01 (09:54:58) | WARNING: ROCm SMI: Failed to get maximum GPU power draw, defaulting to 225W
2025/03/01 (09:54:58) | WARNING: ROCm SMI: Failed to get maximum GPU temperature, defaulting to 110°C
2025/03/01 (09:54:58) | WARNING: ROCm SMI: Failed to get VRAM utilization
2025/03/01 (09:54:58) | WARNING: ROCm SMI: Failed to get GPU power usage
2025/03/01 (09:54:58) | WARNING: ROCm SMI: Failed to get PCIe throughput

2025/03/01 (09:58:02) | ===> btop++ v.1.4.0
2025/03/01 (09:58:02) | WARNING: ROCm SMI: Failed to get maximum GPU power draw, defaulting to 225W
2025/03/01 (09:58:02) | WARNING: ROCm SMI: Failed to get maximum GPU temperature, defaulting to 110°C
2025/03/01 (09:58:02) | WARNING: ROCm SMI: Failed to get VRAM utilization
2025/03/01 (09:58:02) | WARNING: ROCm SMI: Failed to get GPU power usage
2025/03/01 (09:58:02) | WARNING: ROCm SMI: Failed to get PCIe throughput

2025/03/01 (19:18:12) | ===> btop++ v.1.4.0
2025/03/01 (19:18:12) | WARNING: ROCm SMI: Failed to get maximum GPU power draw, defaulting to 225W
2025/03/01 (19:18:12) | WARNING: ROCm SMI: Failed to get maximum GPU temperature, defaulting to 110°C
2025/03/01 (19:18:12) | WARNING: ROCm SMI: Failed to get VRAM utilization
2025/03/01 (19:18:12) | WARNING: ROCm SMI: Failed to get GPU power usage
2025/03/01 (19:18:12) | WARNING: ROCm SMI: Failed to get PCIe throughput

2025/03/02 (10:06:12) | ===> btop++ v.1.4.0
2025/03/02 (10:06:12) | WARNING: ROCm SMI: Failed to get maximum GPU power draw, defaulting to 225W
2025/03/02 (10:06:12) | WARNING: ROCm SMI: Failed to get maximum GPU temperature, defaulting to 110°C
2025/03/02 (10:06:12) | WARNING: ROCm SMI: Failed to get VRAM utilization
2025/03/02 (10:06:12) | WARNING: ROCm SMI: Failed to get GPU power usage
2025/03/02 (10:06:12) | WARNING: ROCm SMI: Failed to get PCIe throughput
